# JRE version: Java(TM) SE Runtime Environment (17.0.6+9) (build 17.0.6+9-LTS-190)
# Java VM: Java HotSpot(TM) 64-Bit Server VM (17.0.6+9-LTS-190, mixed mode, sharing, tiered, compressed oops, compressed class ptrs, g1 gc, windows-amd64)
GC Precious Log:
 CPUs: 4 total, 4 available
 Memory: 8091M
 Large Page Support: Disabled
 NUMA Support: Disabled
 Compressed Oops: Enabled (32-bit)
 Heap Region Size: 1M
 Heap Min Capacity: 8M
 Heap Initial Capacity: 8M
 Heap Max Capacity: 2024M
 Pre-touch: Disabled
 Parallel Workers: 4
 Concurrent Workers: 1
 Concurrent Refinement Workers: 4
 Periodic GC: Disabled
Heap:
 garbage-first heap   total 10240K, used 4973K [0x0000000081800000, 0x0000000100000000)
  region size 1024K, 1 young (1024K), 1 survivors (1024K)
 Metaspace       used 8299K, committed 8576K, reserved 1064960K
  class space    used 950K, committed 1088K, reserved 1048576K
GC Heap History (19 events):
Event: 0.222 GC heap before
{Heap before GC invocations=0 (full 0):
 garbage-first heap   total 8192K, used 3072K [0x0000000081800000, 0x0000000100000000)
  region size 1024K, 3 young (3072K), 0 survivors (0K)
 Metaspace       used 2698K, committed 2816K, reserved 1056768K
  class space    used 351K, committed 384K, reserved 1048576K
}
Event: 0.226 GC heap after
{Heap after GC invocations=1 (full 0):
 garbage-first heap   total 8192K, used 1412K [0x0000000081800000, 0x0000000100000000)
  region size 1024K, 1 young (1024K), 1 survivors (1024K)
 Metaspace       used 2698K, committed 2816K, reserved 1056768K
  class space    used 351K, committed 384K, reserved 1048576K
}
Event: 0.328 GC heap before
{Heap before GC invocations=1 (full 0):
 garbage-first heap   total 8192K, used 2436K [0x0000000081800000, 0x0000000100000000)
  region size 1024K, 2 young (2048K), 1 survivors (1024K)
 Metaspace       used 5400K, committed 5568K, reserved 1056768K
  class space    used 640K, committed 768K, reserved 1048576K
}
Event: 0.333 GC heap after
{Heap after GC invocations=2 (full 0):
 garbage-first heap   total 8192K, used 1946K [0x0000000081800000, 0x0000000100000000)
  region size 1024K, 1 young (1024K), 1 survivors (1024K)
 Metaspace       used 5400K, committed 5568K, reserved 1056768K
  class space    used 640K, committed 768K, reserved 1048576K
}
Event: 0.436 GC heap before
{Heap before GC invocations=2 (full 0):
 garbage-first heap   total 8192K, used 2970K [0x0000000081800000, 0x0000000100000000)
  region size 1024K, 2 young (2048K), 1 survivors (1024K)
 Metaspace       used 7092K, committed 7296K, reserved 1064960K
  class space    used 832K, committed 896K, reserved 1048576K
}
Event: 0.437 GC heap after
{Heap after GC invocations=3 (full 0):
 garbage-first heap   total 8192K, used 2236K [0x0000000081800000, 0x0000000100000000)
  region size 1024K, 1 young (1024K), 1 survivors (1024K)
 Metaspace       used 7092K, committed 7296K, reserved 1064960K
  class space    used 832K, committed 896K, reserved 1048576K
}
Event: 0.486 GC heap before
{Heap before GC invocations=3 (full 0):
 garbage-first heap   total 8192K, used 3260K [0x0000000081800000, 0x0000000100000000)
  region size 1024K, 2 young (2048K), 1 survivors (1024K)
 Metaspace       used 7523K, committed 7680K, reserved 1064960K
  class space    used 871K, committed 960K, reserved 1048576K
}
Event: 0.488 GC heap after
{Heap after GC invocations=4 (full 0):
 garbage-first heap   total 8192K, used 2510K [0x0000000081800000, 0x0000000100000000)
  region size 1024K, 1 young (1024K), 1 survivors (1024K)
 Metaspace       used 7523K, committed 7680K, reserved 1064960K
  class space    used 871K, committed 960K, reserved 1048576K
}
Event: 0.532 GC heap before
{Heap before GC invocations=4 (full 0):
 garbage-first heap   total 8192K, used 3534K [0x0000000081800000, 0x0000000100000000)
  region size 1024K, 2 young (2048K), 1 survivors (1024K)
 Metaspace       used 7671K, committed 7808K, reserved 1064960K
  class space    used 889K, committed 960K, reserved 1048576K
}
Event: 0.534 GC heap after
{Heap after GC invocations=5 (full 0):
 garbage-first heap   total 10240K, used 2896K [0x0000000081800000, 0x0000000100000000)
  region size 1024K, 1 young (1024K), 1 survivors (1024K)
 Metaspace       used 7671K, committed 7808K, reserved 1064960K
  class space    used 889K, committed 960K, reserved 1048576K
}
Event: 1.039 GC heap before
{Heap before GC invocations=5 (full 0):
 garbage-first heap   total 10240K, used 4944K [0x0000000081800000, 0x0000000100000000)
  region size 1024K, 3 young (3072K), 1 survivors (1024K)
 Metaspace       used 7962K, committed 8128K, reserved 1064960K
  class space    used 919K, committed 1024K, reserved 1048576K
}
Event: 1.041 GC heap after
{Heap after GC invocations=6 (full 0):
 garbage-first heap   total 10240K, used 3364K [0x0000000081800000, 0x0000000100000000)
  region size 1024K, 1 young (1024K), 1 survivors (1024K)
 Metaspace       used 7962K, committed 8128K, reserved 1064960K
  class space    used 919K, committed 1024K, reserved 1048576K
}
Event: 1.084 GC heap before
{Heap before GC invocations=6 (full 0):
 garbage-first heap   total 10240K, used 5412K [0x0000000081800000, 0x0000000100000000)
  region size 1024K, 3 young (3072K), 1 survivors (1024K)
 Metaspace       used 8049K, committed 8256K, reserved 1064960K
  class space    used 928K, committed 1024K, reserved 1048576K
}
Event: 1.086 GC heap after
{Heap after GC invocations=7 (full 0):
 garbage-first heap   total 10240K, used 3614K [0x0000000081800000, 0x0000000100000000)
  region size 1024K, 1 young (1024K), 1 survivors (1024K)
 Metaspace       used 8049K, committed 8256K, reserved 1064960K
  class space    used 928K, committed 1024K, reserved 1048576K
}
Event: 1.110 GC heap before
{Heap before GC invocations=7 (full 0):
 garbage-first heap   total 10240K, used 5662K [0x0000000081800000, 0x0000000100000000)
  region size 1024K, 3 young (3072K), 1 survivors (1024K)
 Metaspace       used 8081K, committed 8256K, reserved 1064960K
  class space    used 928K, committed 1024K, reserved 1048576K
}
Event: 1.112 GC heap after
{Heap after GC invocations=8 (full 0):
 garbage-first heap   total 10240K, used 3946K [0x0000000081800000, 0x0000000100000000)
  region size 1024K, 1 young (1024K), 1 survivors (1024K)
 Metaspace       used 8081K, committed 8256K, reserved 1064960K
  class space    used 928K, committed 1024K, reserved 1048576K
}
Event: 1.166 GC heap before
{Heap before GC invocations=8 (full 0):
 garbage-first heap   total 10240K, used 4970K [0x0000000081800000, 0x0000000100000000)
  region size 1024K, 3 young (3072K), 1 survivors (1024K)
 Metaspace       used 8277K, committed 8512K, reserved 1064960K
  class space    used 950K, committed 1088K, reserved 1048576K
}
Event: 1.169 GC heap after
{Heap after GC invocations=9 (full 0):
 garbage-first heap   total 10240K, used 4694K [0x0000000081800000, 0x0000000100000000)
  region size 1024K, 1 young (1024K), 1 survivors (1024K)
 Metaspace       used 8277K, committed 8512K, reserved 1064960K
  class space    used 950K, committed 1088K, reserved 1048576K
}
Event: 1.184 GC heap before
{Heap before GC invocations=9 (full 0):
 garbage-first heap   total 10240K, used 5718K [0x0000000081800000, 0x0000000100000000)
  region size 1024K, 2 young (2048K), 1 survivors (1024K)
 Metaspace       used 8299K, committed 8576K, reserved 1064960K
  class space    used 950K, committed 1088K, reserved 1048576K
}

